LOGStart created on Thursday 2022/05/19  UTC 16:53:34:929

Reading "OSDD Data"...
Reading Content "Start"
Reading properties for module "X20SLX410_110.MainSN".
  ParameterGroup "Basic_PLC" has 15 parameters.
  ParameterGroup "Safety_Response_Time_Defaults" has 11 parameters.
  ParameterGroup "Options" has 3 parameters.
  ParameterGroup "SafeDigitalInput01" has 5 parameters.
  ParameterGroup "SafeDigitalInput02" has 5 parameters.
  ParameterGroup "SafeDigitalInput03" has 5 parameters.
  ParameterGroup "SafeDigitalInput04" has 5 parameters.
  ParameterGroup "PulseOutput" has 4 parameters.
  ParameterGroup "http://www.br-automation.com" has 89 parameters.
Module "X20SLX410_110.MainSN.SL1.SM1" is of type "X20 SafeLOGIC Compact, 4xI, 24V, 2xCAT4" and has 1 external machine option objects.
Module "X20SLX410_110.MainSN.SL1.SM1" is of type "X20 SafeLOGIC Compact, 4xI, 24V, 2xCAT4" and has 2 external machine option objects.
Module "X20SLX410_110.MainSN.SL1.SM1" is of type "X20 SafeLOGIC Compact, 4xI, 24V, 2xCAT4" and has 3 external machine option objects.
Module "X20SLX410_110.MainSN.SL1.SM1" is of type "X20 SafeLOGIC Compact, 4xI, 24V, 2xCAT4" and has 4 external machine option objects.
Module "X20SLX410_110.MainSN.SL1.SM1" is of type "X20 SafeLOGIC Compact, 4xI, 24V, 2xCAT4" and has 5 external machine option objects.
Module "X20SLX410_110.MainSN.SL1.SM1" is of type "X20 SafeLOGIC Compact, 4xI, 24V, 2xCAT4" and has 6 external machine option objects.
Module "X20SLX410_110.MainSN.SL1.SM1" is of type "X20 SafeLOGIC Compact, 4xI, 24V, 2xCAT4" and has 7 external machine option objects.
Module "X20SLX410_110.MainSN.SL1.SM1" is of type "X20 SafeLOGIC Compact, 4xI, 24V, 2xCAT4" and has 8 external machine option objects.
Module "X20SLX410_110.MainSN.SL1.SM1" is of type "X20 SafeLOGIC Compact, 4xI, 24V, 2xCAT4" and has 9 external machine option objects.
Module "X20SLX410_110.MainSN.SL1.SM1" is of type "X20 SafeLOGIC Compact, 4xI, 24V, 2xCAT4" and has 10 external machine option objects.
Module "X20SLX410_110.MainSN.SL1.SM1" is of type "X20 SafeLOGIC Compact, 4xI, 24V, 2xCAT4" and has 11 external machine option objects.
Module "X20SLX410_110.MainSN.SL1.SM1" is of type "X20 SafeLOGIC Compact, 4xI, 24V, 2xCAT4" and has 12 external machine option objects.
Module "X20SLX410_110.MainSN.SL1.SM1" is of type "X20 SafeLOGIC Compact, 4xI, 24V, 2xCAT4" and has 13 external machine option objects.
Module "X20SLX410_110.MainSN.SL1.SM1" is of type "X20 SafeLOGIC Compact, 4xI, 24V, 2xCAT4" and has 14 external machine option objects.
Module "X20SLX410_110.MainSN.SL1.SM1" is of type "X20 SafeLOGIC Compact, 4xI, 24V, 2xCAT4" and has 15 external machine option objects.
Module "X20SLX410_110.MainSN.SL1.SM1" is of type "X20 SafeLOGIC Compact, 4xI, 24V, 2xCAT4" and has 16 external machine option objects.
Module "X20SLX410_110.MainSN.SL1.SM1" is of type "X20 SafeLOGIC Compact, 4xI, 24V, 2xCAT4" and has 17 external machine option objects.
Module "X20SLX410_110.MainSN.SL1.SM1" is of type "X20 SafeLOGIC Compact, 4xI, 24V, 2xCAT4" and has 18 external machine option objects.
Module "X20SLX410_110.MainSN.SL1.SM1" is of type "X20 SafeLOGIC Compact, 4xI, 24V, 2xCAT4" and has 19 external machine option objects.
Module "X20SLX410_110.MainSN.SL1.SM1" is of type "X20 SafeLOGIC Compact, 4xI, 24V, 2xCAT4" and has 20 external machine option objects.
Module "X20SLX410_110.MainSN.SL1.SM1" is of type "X20 SafeLOGIC Compact, 4xI, 24V, 2xCAT4" and has 21 external machine option objects.
Module "X20SLX410_110.MainSN.SL1.SM1" is of type "X20 SafeLOGIC Compact, 4xI, 24V, 2xCAT4" and has 22 external machine option objects.
Module "X20SLX410_110.MainSN.SL1.SM1" is of type "X20 SafeLOGIC Compact, 4xI, 24V, 2xCAT4" and has 23 external machine option objects.
Module "X20SLX410_110.MainSN.SL1.SM1" is of type "X20 SafeLOGIC Compact, 4xI, 24V, 2xCAT4" and has 24 external machine option objects.
Module "X20SLX410_110.MainSN.SL1.SM1" is of type "X20 SafeLOGIC Compact, 4xI, 24V, 2xCAT4" and has 25 external machine option objects.
Module "X20SLX410_110.MainSN.SL1.SM1" is of type "X20 SafeLOGIC Compact, 4xI, 24V, 2xCAT4" and has 26 external machine option objects.
Module "X20SLX410_110.MainSN.SL1.SM1" is of type "X20 SafeLOGIC Compact, 4xI, 24V, 2xCAT4" and has 27 external machine option objects.
Module "X20SLX410_110.MainSN.SL1.SM1" is of type "X20 SafeLOGIC Compact, 4xI, 24V, 2xCAT4" and has 28 external machine option objects.
Module "X20SLX410_110.MainSN.SL1.SM1" is of type "X20 SafeLOGIC Compact, 4xI, 24V, 2xCAT4" and has 29 external machine option objects.
Module "X20SLX410_110.MainSN.SL1.SM1" is of type "X20 SafeLOGIC Compact, 4xI, 24V, 2xCAT4" and has 30 external machine option objects.
Module "X20SLX410_110.MainSN.SL1.SM1" is of type "X20 SafeLOGIC Compact, 4xI, 24V, 2xCAT4" and has 31 external machine option objects.
Module "X20SLX410_110.MainSN.SL1.SM1" is of type "X20 SafeLOGIC Compact, 4xI, 24V, 2xCAT4" and has 32 external machine option objects.
Module "X20SLX410_110.MainSN.SL1.SM1" is of type "X20 SafeLOGIC Compact, 4xI, 24V, 2xCAT4" and has 33 external machine option objects.
Module "X20SLX410_110.MainSN.SL1.SM1" is of type "X20 SafeLOGIC Compact, 4xI, 24V, 2xCAT4" and has 34 external machine option objects.
Module "X20SLX410_110.MainSN.SL1.SM1" is of type "X20 SafeLOGIC Compact, 4xI, 24V, 2xCAT4" and has 35 external machine option objects.
Module "X20SLX410_110.MainSN.SL1.SM1" is of type "X20 SafeLOGIC Compact, 4xI, 24V, 2xCAT4" and has 36 external machine option objects.
Module "X20SLX410_110.MainSN.SL1.SM1" is of type "X20 SafeLOGIC Compact, 4xI, 24V, 2xCAT4" and has 37 external machine option objects.
Module "X20SLX410_110.MainSN.SL1.SM1" is of type "X20 SafeLOGIC Compact, 4xI, 24V, 2xCAT4" and has 38 external machine option objects.
Module "X20SLX410_110.MainSN.SL1.SM1" is of type "X20 SafeLOGIC Compact, 4xI, 24V, 2xCAT4" and has 39 external machine option objects.
Module "X20SLX410_110.MainSN.SL1.SM1" is of type "X20 SafeLOGIC Compact, 4xI, 24V, 2xCAT4" and has 40 external machine option objects.
Module "X20SLX410_110.MainSN.SL1.SM1" is of type "X20 SafeLOGIC Compact, 4xI, 24V, 2xCAT4" and has 41 external machine option objects.
Module "X20SLX410_110.MainSN.SL1.SM1" is of type "X20 SafeLOGIC Compact, 4xI, 24V, 2xCAT4" and has 42 external machine option objects.
Module "X20SLX410_110.MainSN.SL1.SM1" is of type "X20 SafeLOGIC Compact, 4xI, 24V, 2xCAT4" and has 43 external machine option objects.
Module "X20SLX410_110.MainSN.SL1.SM1" is of type "X20 SafeLOGIC Compact, 4xI, 24V, 2xCAT4" and has 44 external machine option objects.
Module "X20SLX410_110.MainSN.SL1.SM1" is of type "X20 SafeLOGIC Compact, 4xI, 24V, 2xCAT4" and has 45 external machine option objects.
Module "X20SLX410_110.MainSN.SL1.SM1" is of type "X20 SafeLOGIC Compact, 4xI, 24V, 2xCAT4" and has 46 external machine option objects.
Module "X20SLX410_110.MainSN.SL1.SM1" is of type "X20 SafeLOGIC Compact, 4xI, 24V, 2xCAT4" and has 47 external machine option objects.
Module "X20SLX410_110.MainSN.SL1.SM1" is of type "X20 SafeLOGIC Compact, 4xI, 24V, 2xCAT4" and has 48 external machine option objects.
Module "X20SLX410_110.MainSN.SL1.SM1" is of type "X20 SafeLOGIC Compact, 4xI, 24V, 2xCAT4" and has 49 external machine option objects.
Module "X20SLX410_110.MainSN.SL1.SM1" is of type "X20 SafeLOGIC Compact, 4xI, 24V, 2xCAT4" and has 50 external machine option objects.
Module "X20SLX410_110.MainSN.SL1.SM1" is of type "X20 SafeLOGIC Compact, 4xI, 24V, 2xCAT4" and has 51 external machine option objects.
Module "X20SLX410_110.MainSN.SL1.SM1" is of type "X20 SafeLOGIC Compact, 4xI, 24V, 2xCAT4" and has 52 external machine option objects.
Module "X20SLX410_110.MainSN.SL1.SM1" is of type "X20 SafeLOGIC Compact, 4xI, 24V, 2xCAT4" and has 53 external machine option objects.
Module "X20SLX410_110.MainSN.SL1.SM1" is of type "X20 SafeLOGIC Compact, 4xI, 24V, 2xCAT4" and has 54 external machine option objects.
Module "X20SLX410_110.MainSN.SL1.SM1" is of type "X20 SafeLOGIC Compact, 4xI, 24V, 2xCAT4" and has 55 external machine option objects.
Module "X20SLX410_110.MainSN.SL1.SM1" is of type "X20 SafeLOGIC Compact, 4xI, 24V, 2xCAT4" and has 56 external machine option objects.
Module "X20SLX410_110.MainSN.SL1.SM1" is of type "X20 SafeLOGIC Compact, 4xI, 24V, 2xCAT4" and has 57 external machine option objects.
Module "X20SLX410_110.MainSN.SL1.SM1" is of type "X20 SafeLOGIC Compact, 4xI, 24V, 2xCAT4" and has 58 external machine option objects.
Module "X20SLX410_110.MainSN.SL1.SM1" is of type "X20 SafeLOGIC Compact, 4xI, 24V, 2xCAT4" and has 59 external machine option objects.
Module "X20SLX410_110.MainSN.SL1.SM1" is of type "X20 SafeLOGIC Compact, 4xI, 24V, 2xCAT4" and has 60 external machine option objects.
Module "X20SLX410_110.MainSN.SL1.SM1" is of type "X20 SafeLOGIC Compact, 4xI, 24V, 2xCAT4" and has 61 external machine option objects.
Module "X20SLX410_110.MainSN.SL1.SM1" is of type "X20 SafeLOGIC Compact, 4xI, 24V, 2xCAT4" and has 62 external machine option objects.
Module "X20SLX410_110.MainSN.SL1.SM1" is of type "X20 SafeLOGIC Compact, 4xI, 24V, 2xCAT4" and has 63 external machine option objects.
Module "X20SLX410_110.MainSN.SL1.SM1" is of type "X20 SafeLOGIC Compact, 4xI, 24V, 2xCAT4" and has 64 external machine option objects.
Module "X20SLX410_110.MainSN.SL1.SM1" is of type "X20SLX410" and has 65 channels and 9 parameter groups.
Reading properties for module "X20SO6300_110".
  ParameterGroup "Basic_Node" has 5 parameters.
  ParameterGroup "Safety_Response_Time" has 4 parameters.
  ParameterGroup "ModuleConfiguration" has 1 parameters.
  ParameterGroup "http://www.br-automation.com" has 12 parameters.
Module "X20SO6300_110.SL1.SM2" is of type "X20SO6300" and has 20 channels and 4 parameter groups.
Reading properties for module "8BVSV2SAFE1-1_110".
  ParameterGroup "Basic_Node" has 5 parameters.
  ParameterGroup "Safety_Response_Time" has 4 parameters.
  ParameterGroup "Safe machine options" has 1 parameters.
  ParameterGroup "General settings - Automatic reset on start" has 1 parameters.
  ParameterGroup "General settings - Behavior of Functional Fail Safe (FFS)" has 10 parameters.
  ParameterGroup "General settings - Blackout Mode" has 3 parameters.
  ParameterGroup "General settings - Encoder Unit System (EUS)" has 10 parameters.
  ParameterGroup "General settings - Encoder monitoring" has 10 parameters.
  ParameterGroup "General settings - Standstill monitoring" has 2 parameters.
  ParameterGroup "General settings - Early limit monitoring" has 2 parameters.
  ParameterGroup "General settings - Ramp monitoring" has 2 parameters.
  ParameterGroup "Basic functions - STO1" has 1 parameters.
  ParameterGroup "Basic functions - SS1" has 2 parameters.
  ParameterGroup "Basic functions - SBC" has 1 parameters.
  ParameterGroup "Speed functions - SS2" has 2 parameters.
  ParameterGroup "Speed functions - SLA" has 5 parameters.
  ParameterGroup "Speed functions - SMS/SLS" has 11 parameters.
  ParameterGroup "Advanced functions - SDI" has 1 parameters.
  ParameterGroup "Advanced functions - SLI" has 2 parameters.
  ParameterGroup "Absolute position functions - Homing" has 13 parameters.
  ParameterGroup "Absolute position functions - SMP / SLP" has 6 parameters.
  ParameterGroup "http://www.br-automation.com" has 12 parameters.
Module "8BVSV2SAFE1-1_110.SL1.SM11" is of type "8BVSV2SAFE1-1" and has 67 channels and 22 parameter groups.
Reading properties for module "8BVSV2SAFE1-1_110".
  ParameterGroup "Basic_Node" has 5 parameters.
  ParameterGroup "Safety_Response_Time" has 4 parameters.
  ParameterGroup "Safe machine options" has 1 parameters.
  ParameterGroup "General settings - Automatic reset on start" has 1 parameters.
  ParameterGroup "General settings - Behavior of Functional Fail Safe (FFS)" has 10 parameters.
  ParameterGroup "General settings - Blackout Mode" has 3 parameters.
  ParameterGroup "General settings - Encoder Unit System (EUS)" has 10 parameters.
  ParameterGroup "General settings - Encoder monitoring" has 10 parameters.
  ParameterGroup "General settings - Standstill monitoring" has 2 parameters.
  ParameterGroup "General settings - Early limit monitoring" has 2 parameters.
  ParameterGroup "General settings - Ramp monitoring" has 2 parameters.
  ParameterGroup "Basic functions - STO1" has 1 parameters.
  ParameterGroup "Basic functions - SS1" has 2 parameters.
  ParameterGroup "Basic functions - SBC" has 1 parameters.
  ParameterGroup "Speed functions - SS2" has 2 parameters.
  ParameterGroup "Speed functions - SLA" has 5 parameters.
  ParameterGroup "Speed functions - SMS/SLS" has 11 parameters.
  ParameterGroup "Advanced functions - SDI" has 1 parameters.
  ParameterGroup "Advanced functions - SLI" has 2 parameters.
  ParameterGroup "Absolute position functions - Homing" has 13 parameters.
  ParameterGroup "Absolute position functions - SMP / SLP" has 6 parameters.
  ParameterGroup "http://www.br-automation.com" has 12 parameters.
Module "8BVSV2SAFE1-1_110.SL1.SM12" is of type "8BVSV2SAFE1-1" and has 67 channels and 22 parameter groups.
Reading properties for module "X20SI4100_110".
  ParameterGroup "Basic_Node" has 5 parameters.
  ParameterGroup "Safety_Response_Time" has 4 parameters.
  ParameterGroup "SafeDigitalInput01" has 5 parameters.
  ParameterGroup "SafeDigitalInput02" has 5 parameters.
  ParameterGroup "SafeDigitalInput03" has 5 parameters.
  ParameterGroup "SafeDigitalInput04" has 5 parameters.
  ParameterGroup "PulseOutput" has 4 parameters.
  ParameterGroup "http://www.br-automation.com" has 11 parameters.
Module "X20SI4100_110.SL1.SM116" is of type "X20SI4100" and has 13 channels and 8 parameter groups.
Reading properties for module "X20SI4100_110".
  ParameterGroup "Basic_Node" has 5 parameters.
  ParameterGroup "Safety_Response_Time" has 4 parameters.
  ParameterGroup "SafeDigitalInput01" has 5 parameters.
  ParameterGroup "SafeDigitalInput02" has 5 parameters.
  ParameterGroup "SafeDigitalInput03" has 5 parameters.
  ParameterGroup "SafeDigitalInput04" has 5 parameters.
  ParameterGroup "PulseOutput" has 4 parameters.
  ParameterGroup "http://www.br-automation.com" has 11 parameters.
Module "X20SI4100_110.SL1.SM117" is of type "X20SI4100" and has 13 channels and 8 parameter groups.
Reading properties for module "X20SI4100_110".
  ParameterGroup "Basic_Node" has 5 parameters.
  ParameterGroup "Safety_Response_Time" has 4 parameters.
  ParameterGroup "SafeDigitalInput01" has 5 parameters.
  ParameterGroup "SafeDigitalInput02" has 5 parameters.
  ParameterGroup "SafeDigitalInput03" has 5 parameters.
  ParameterGroup "SafeDigitalInput04" has 5 parameters.
  ParameterGroup "PulseOutput" has 4 parameters.
  ParameterGroup "http://www.br-automation.com" has 11 parameters.
Module "X20SI4100_110.SL1.SM212" is of type "X20SI4100" and has 13 channels and 8 parameter groups.
Reading properties for module "X20SO4120_110".
  ParameterGroup "Basic_Node" has 5 parameters.
  ParameterGroup "Safety_Response_Time" has 4 parameters.
  ParameterGroup "ModuleConfiguration" has 1 parameters.
  ParameterGroup "http://www.br-automation.com" has 12 parameters.
Module "X20SO4120_110.SL1.SM213" is of type "X20SO4120" and has 18 channels and 4 parameter groups.
Content "name1" successfully read from "name2"



LOGAppend on Thursday 2022/05/19  UTC 16:53:34:929

Reading "C:\engineering\echCorrugationMachine\305841_E00002\305841_E00002_AM_0\Physical\EchCm_AM\MCP1_PLC_201\mappSafety\safeApp1\BusNavigator.iom"...
Reading Content "IOOffsets"
IO reservations (MAX number of bytes): SI=128  SO=64  NSI=64  NSO=64   ConValid = 4  BITEMOsOffset=0  BITEMOsSize=0
Reading properties for module "SL1.SM1". Beginning at line 3
Reading properties for channel "SafeTwoChannelInput0102". Beginning at line 4
Reading properties for channel "SafeTwoChannelInput0304". Beginning at line 5
Reading properties for channel "SafeTwoChannelOK0102". Beginning at line 6
Reading properties for channel "SafeTwoChannelOK0304". Beginning at line 7
Reading properties for channel "BOOL00001". Beginning at line 8
Reading properties for channel "BOOL00002". Beginning at line 9
Reading properties for channel "BOOL00003". Beginning at line 10
Reading properties for channel "BOOL00006". Beginning at line 11
Reading properties for channel "BOOL00007". Beginning at line 12
Reading properties for channel "BOOL00008". Beginning at line 13
Reading properties for channel "BOOL00009". Beginning at line 14
Reading properties for channel "BOOL00010". Beginning at line 15
Reading properties for channel "BOOL00011". Beginning at line 16
Reading properties for channel "BOOL00012". Beginning at line 17
Reading properties for channel "BOOL00013". Beginning at line 18
Reading properties for channel "BOOL00014". Beginning at line 19
Reading properties for channel "BOOL00015". Beginning at line 20
Reading properties for channel "BOOL00016". Beginning at line 21
Reading properties for channel "BOOL00017". Beginning at line 22
Reading properties for channel "BOOL00018". Beginning at line 23
Reading properties for channel "BOOL00019". Beginning at line 24
Reading properties for channel "BOOL00020". Beginning at line 25
Reading properties for channel "BOOL00021". Beginning at line 26
Reading properties for channel "UINT0001". Beginning at line 27
Reading properties for channel "UINT0002". Beginning at line 28
Reading properties for channel "UINT0003". Beginning at line 29
Reading properties for channel "UINT0004". Beginning at line 30
Reading properties for channel "BOOL10001". Beginning at line 31
Reading properties for channel "BOOL10002". Beginning at line 32
Reading properties for channel "BOOL10003". Beginning at line 33
Reading properties for channel "BOOL10004". Beginning at line 34
Reading properties for channel "BOOL10005". Beginning at line 35
Reading properties for channel "BOOL10006". Beginning at line 36
Reading properties for channel "BOOL10007". Beginning at line 37
Reading properties for channel "BOOL10008". Beginning at line 38
Reading properties for channel "BOOL10009". Beginning at line 39
Reading properties for channel "BOOL10010". Beginning at line 40
Reading properties for channel "BOOL10011". Beginning at line 41
Reading properties for channel "BOOL10012". Beginning at line 42
Reading properties for channel "BOOL10013". Beginning at line 43
Reading properties for channel "BOOL10014". Beginning at line 44
Reading properties for channel "BOOL10015". Beginning at line 45
Reading properties for channel "BOOL10016". Beginning at line 46
Reading properties for channel "BOOL10017". Beginning at line 47
Reading properties for channel "BOOL10018". Beginning at line 48
Module "SL1.SM1.SL1.SM1" has 45 items.
Reading properties for module "SL1.SM2". Beginning at line 50
Reading properties for channel "SafeModuleOK". Beginning at line 51
Reading properties for channel "SafeDigitalOutput01". Beginning at line 52
Reading properties for channel "SafeDigitalOutput02". Beginning at line 53
Reading properties for channel "SafeDigitalOutput03". Beginning at line 54
Reading properties for channel "ReleaseOutput". Beginning at line 55
Module "SL1.SM2.SL1.SM2" has 5 items.
Reading properties for module "SL1.SM11". Beginning at line 57
Reading properties for channel "SafeModuleOK". Beginning at line 58
Module "SL1.SM11.SL1.SM11" has 1 items.
Reading properties for module "SL1.SM12". Beginning at line 61
Reading properties for channel "SafeModuleOK". Beginning at line 62
Module "SL1.SM12.SL1.SM12" has 1 items.
Reading properties for module "SL1.SM116". Beginning at line 65
Reading properties for channel "SafeModuleOK". Beginning at line 66
Reading properties for channel "SafeTwoChannelInput0102". Beginning at line 67
Reading properties for channel "SafeTwoChannelInput0304". Beginning at line 68
Reading properties for channel "SafeTwoChannelOK0102". Beginning at line 69
Reading properties for channel "SafeTwoChannelOK0304". Beginning at line 70
Module "SL1.SM116.SL1.SM116" has 5 items.
Reading properties for module "SL1.SM117". Beginning at line 72
Reading properties for channel "SafeModuleOK". Beginning at line 73
Reading properties for channel "SafeTwoChannelInput0102". Beginning at line 74
Reading properties for channel "SafeTwoChannelInput0304". Beginning at line 75
Reading properties for channel "SafeTwoChannelOK0102". Beginning at line 76
Reading properties for channel "SafeTwoChannelOK0304". Beginning at line 77
Module "SL1.SM117.SL1.SM117" has 5 items.
Reading properties for module "SL1.SM212". Beginning at line 79
Reading properties for channel "SafeModuleOK". Beginning at line 80
Reading properties for channel "SafeDigitalInput03". Beginning at line 81
Reading properties for channel "SafeTwoChannelInput0102". Beginning at line 82
Reading properties for channel "SafeTwoChannelOK0102". Beginning at line 83
Module "SL1.SM212.SL1.SM212" has 4 items.
Reading properties for module "SL1.SM213". Beginning at line 85
Reading properties for channel "SafeModuleOK". Beginning at line 86
Reading properties for channel "SafeDigitalOutput01". Beginning at line 87
Reading properties for channel "ReleaseOutput". Beginning at line 88
Module "SL1.SM213.SL1.SM213" has 3 items.
Content "IOOffsets" successfully read from "C:\engineering\echCorrugationMachine\305841_E00002\305841_E00002_AM_0\Physical\EchCm_AM\MCP1_PLC_201\mappSafety\safeApp1\BusNavigator.iom"
